<?xml version="1.0" encoding="UTF-8"?>
<!-- Generated by org.testng.reporters.JUnitReportReporter -->
<testsuite hostname="Mukesh_Jhorar" failures="0" tests="2" name="testCases.ByTC2" time="17.833" errors="0" timestamp="2022-06-15T14:38:50 IST" skipped="1">
  <testcase classname="testCases.ByTC2" name="preRun" time="17.833"/>
  <system-out/>
  <testcase classname="testCases.ByTC2" name="formFilling" time="0.000">
    <skipped/>
  </testcase> <!-- formFilling -->
  <system-out/>
</testsuite> <!-- testCases.ByTC2 -->
