<?xml version="1.0" encoding="UTF-8"?>
<!-- Generated by org.testng.reporters.JUnitReportReporter -->
<testsuite hostname="Mukesh_Jhorar" failures="0" tests="1" name="testCases.TC2" time="17.512" errors="0" timestamp="2022-06-13T16:55:45 IST" skipped="0">
  <testcase classname="testCases.TC2" name="execution" time="17.512"/>
  <system-out/>
</testsuite> <!-- testCases.TC2 -->
